Arguments: 
  /opt/homebrew/Cellar/node@16/16.18.0/bin/node /usr/local/bin/yarn

PATH: 
  /opt/homebrew/opt/node@16/bin:/Users/jaroslawgrishunin/Library/pnpm:/opt/homebrew/opt/node@16/bin:/Users/jaroslawgrishunin/.nvm/versions/node/v18.12.1/bin:/Users/jaroslawgrishunin/.cargo/bin:/opt/homebrew/bin:/Library/Frameworks/Python.framework/Versions/3.10/bin:/usr/local/bin:/usr/bin:/bin:/usr/sbin:/sbin:/Users/jaroslawgrishunin/.fig/bin:/Users/jaroslawgrishunin/.local/bin

Yarn version: 
  1.22.11

Node version: 
  16.18.0

Platform: 
  darwin arm64

Trace: 
  Error: https://herogaming-425657883712.d.codeartifact.eu-central-1.amazonaws.com/npm/frontend/@babel%2fcore: Unauthenticated: request used expired credentials. Please renew your credentials.
      at Request.params.callback [as _callback] (/usr/local/lib/node_modules/yarn/lib/cli.js:66992:18)
      at Request.self.callback (/usr/local/lib/node_modules/yarn/lib/cli.js:140763:22)
      at Request.emit (node:events:513:28)
      at Request.<anonymous> (/usr/local/lib/node_modules/yarn/lib/cli.js:141735:10)
      at Request.emit (node:events:513:28)
      at Gunzip.<anonymous> (/usr/local/lib/node_modules/yarn/lib/cli.js:141657:12)
      at Object.onceWrapper (node:events:627:28)
      at Gunzip.emit (node:events:513:28)
      at endReadableNT (node:internal/streams/readable:1358:12)
      at processTicksAndRejections (node:internal/process/task_queues:83:21)

npm manifest: 
  {
    "repository": "#",
    "name":"drone-pysics",
    "license": "UNLICENSED",
    "scripts": {
      "build": "webpack --config ./bundler/webpack.prod.js",
      "dev": "webpack serve --config ./bundler/webpack.dev.js"
    },
    "dependencies": {
      "@babel/core": "^7.17.10",
      "@babel/preset-env": "^7.17.10",
      "babel-loader": "^8.2.5",
      "clean-webpack-plugin": "^4.0.0",
      "copy-webpack-plugin": "^10.2.4",
      "css-loader": "^6.7.1",
      "file-loader": "^6.2.0",
      "html-loader": "^3.1.0",
      "html-webpack-plugin": "^5.5.0",
      "lil-gui": "^0.16.1",
      "mini-css-extract-plugin": "^2.6.0",
      "portfinder-sync": "0.0.2",
      "raw-loader": "^4.0.2",
      "style-loader": "^3.3.1",
      "three": "^0.140.0",
      "webpack": "^5.72.0",
      "webpack-cli": "^4.9.2",
      "webpack-dev-server": "^4.8.1",
      "webpack-merge": "^5.8.0"
    }
  }

yarn manifest: 
  No manifest

Lockfile: 
  No lockfile
